<?xml version="1.0" encoding="UTF-8"?>
<testsuite xmlns:xsi="http://www.w3.org/2001/XMLSchema-instance" xsi:noNamespaceSchemaLocation="https://maven.apache.org/surefire/maven-surefire-plugin/xsd/surefire-test-report.xsd" name="pl.edu.agh.kis.pz1.HandEvaluatorTest" time="0.152" tests="62" errors="0" skipped="0" failures="0">
  <properties>
    <property name="java.specification.version" value="19"/>
    <property name="sun.jnu.encoding" value="UTF-8"/>
    <property name="java.class.path" value="/Users/kacper/Studia/Semestr3/JavaCodes/poker/poker-model/target/test-classes:/Users/kacper/Studia/Semestr3/JavaCodes/poker/poker-model/target/classes:/Users/kacper/.m2/repository/org/junit/jupiter/junit-jupiter/5.9.1/junit-jupiter-5.9.1.jar:/Users/kacper/.m2/repository/org/junit/jupiter/junit-jupiter-api/5.9.1/junit-jupiter-api-5.9.1.jar:/Users/kacper/.m2/repository/org/opentest4j/opentest4j/1.2.0/opentest4j-1.2.0.jar:/Users/kacper/.m2/repository/org/junit/platform/junit-platform-commons/1.9.1/junit-platform-commons-1.9.1.jar:/Users/kacper/.m2/repository/org/apiguardian/apiguardian-api/1.1.2/apiguardian-api-1.1.2.jar:/Users/kacper/.m2/repository/org/junit/jupiter/junit-jupiter-params/5.9.1/junit-jupiter-params-5.9.1.jar:/Users/kacper/.m2/repository/org/junit/jupiter/junit-jupiter-engine/5.9.1/junit-jupiter-engine-5.9.1.jar:/Users/kacper/.m2/repository/org/junit/platform/junit-platform-engine/1.9.1/junit-platform-engine-1.9.1.jar:/Users/kacper/.m2/repository/org/mockito/mockito-core/5.1.1/mockito-core-5.1.1.jar:/Users/kacper/.m2/repository/net/bytebuddy/byte-buddy/1.12.22/byte-buddy-1.12.22.jar:/Users/kacper/.m2/repository/net/bytebuddy/byte-buddy-agent/1.12.22/byte-buddy-agent-1.12.22.jar:/Users/kacper/.m2/repository/org/objenesis/objenesis/3.3/objenesis-3.3.jar:"/>
    <property name="java.vm.vendor" value="Oracle Corporation"/>
    <property name="sun.arch.data.model" value="64"/>
    <property name="java.vendor.url" value="https://java.oracle.com/"/>
    <property name="os.name" value="Mac OS X"/>
    <property name="java.vm.specification.version" value="19"/>
    <property name="sun.java.launcher" value="SUN_STANDARD"/>
    <property name="user.country" value="PL"/>
    <property name="sun.boot.library.path" value="/Users/kacper/Library/Java/JavaVirtualMachines/openjdk-19/Contents/Home/lib"/>
    <property name="sun.java.command" value="/Users/kacper/Studia/Semestr3/JavaCodes/poker/poker-model/target/surefire/surefirebooter6693285435704739036.jar /Users/kacper/Studia/Semestr3/JavaCodes/poker/poker-model/target/surefire 2023-02-28T16-11-19_023-jvmRun1 surefire763435197664674993tmp surefire_013698699229145923388tmp"/>
    <property name="http.nonProxyHosts" value="local|*.local|169.254/16|*.169.254/16"/>
    <property name="jdk.debug" value="release"/>
    <property name="surefire.test.class.path" value="/Users/kacper/Studia/Semestr3/JavaCodes/poker/poker-model/target/test-classes:/Users/kacper/Studia/Semestr3/JavaCodes/poker/poker-model/target/classes:/Users/kacper/.m2/repository/org/junit/jupiter/junit-jupiter/5.9.1/junit-jupiter-5.9.1.jar:/Users/kacper/.m2/repository/org/junit/jupiter/junit-jupiter-api/5.9.1/junit-jupiter-api-5.9.1.jar:/Users/kacper/.m2/repository/org/opentest4j/opentest4j/1.2.0/opentest4j-1.2.0.jar:/Users/kacper/.m2/repository/org/junit/platform/junit-platform-commons/1.9.1/junit-platform-commons-1.9.1.jar:/Users/kacper/.m2/repository/org/apiguardian/apiguardian-api/1.1.2/apiguardian-api-1.1.2.jar:/Users/kacper/.m2/repository/org/junit/jupiter/junit-jupiter-params/5.9.1/junit-jupiter-params-5.9.1.jar:/Users/kacper/.m2/repository/org/junit/jupiter/junit-jupiter-engine/5.9.1/junit-jupiter-engine-5.9.1.jar:/Users/kacper/.m2/repository/org/junit/platform/junit-platform-engine/1.9.1/junit-platform-engine-1.9.1.jar:/Users/kacper/.m2/repository/org/mockito/mockito-core/5.1.1/mockito-core-5.1.1.jar:/Users/kacper/.m2/repository/net/bytebuddy/byte-buddy/1.12.22/byte-buddy-1.12.22.jar:/Users/kacper/.m2/repository/net/bytebuddy/byte-buddy-agent/1.12.22/byte-buddy-agent-1.12.22.jar:/Users/kacper/.m2/repository/org/objenesis/objenesis/3.3/objenesis-3.3.jar:"/>
    <property name="sun.cpu.endian" value="little"/>
    <property name="user.home" value="/Users/kacper"/>
    <property name="user.language" value="pl"/>
    <property name="java.specification.vendor" value="Oracle Corporation"/>
    <property name="java.version.date" value="2022-09-20"/>
    <property name="java.home" value="/Users/kacper/Library/Java/JavaVirtualMachines/openjdk-19/Contents/Home"/>
    <property name="file.separator" value="/"/>
    <property name="basedir" value="/Users/kacper/Studia/Semestr3/JavaCodes/poker/poker-model"/>
    <property name="java.vm.compressedOopsMode" value="Zero based"/>
    <property name="line.separator" value="&#10;"/>
    <property name="java.vm.specification.vendor" value="Oracle Corporation"/>
    <property name="java.specification.name" value="Java Platform API Specification"/>
    <property name="apple.awt.application.name" value="ForkedBooter"/>
    <property name="surefire.real.class.path" value="/Users/kacper/Studia/Semestr3/JavaCodes/poker/poker-model/target/surefire/surefirebooter6693285435704739036.jar"/>
    <property name="sun.management.compiler" value="HotSpot 64-Bit Tiered Compilers"/>
    <property name="ftp.nonProxyHosts" value="local|*.local|169.254/16|*.169.254/16"/>
    <property name="java.runtime.version" value="19+36-2238"/>
    <property name="user.name" value="kacper"/>
    <property name="stdout.encoding" value="UTF-8"/>
    <property name="path.separator" value=":"/>
    <property name="os.version" value="13.0.1"/>
    <property name="java.runtime.name" value="OpenJDK Runtime Environment"/>
    <property name="file.encoding" value="UTF-8"/>
    <property name="java.vm.name" value="OpenJDK 64-Bit Server VM"/>
    <property name="localRepository" value="/Users/kacper/.m2/repository"/>
    <property name="java.vendor.url.bug" value="https://bugreport.java.com/bugreport/"/>
    <property name="java.io.tmpdir" value="/var/folders/41/r_4632zj0l58fd6hll6v4l_r0000gn/T/"/>
    <property name="java.version" value="19"/>
    <property name="user.dir" value="/Users/kacper/Studia/Semestr3/JavaCodes/poker/poker-model"/>
    <property name="os.arch" value="x86_64"/>
    <property name="java.vm.specification.name" value="Java Virtual Machine Specification"/>
    <property name="native.encoding" value="UTF-8"/>
    <property name="java.library.path" value="/Users/kacper/Library/Java/Extensions:/Library/Java/Extensions:/Network/Library/Java/Extensions:/System/Library/Java/Extensions:/usr/lib/java:."/>
    <property name="java.vm.info" value="mixed mode, sharing"/>
    <property name="stderr.encoding" value="UTF-8"/>
    <property name="java.vendor" value="Oracle Corporation"/>
    <property name="java.vm.version" value="19+36-2238"/>
    <property name="sun.io.unicode.encoding" value="UnicodeBig"/>
    <property name="socksNonProxyHosts" value="local|*.local|169.254/16|*.169.254/16"/>
    <property name="java.class.version" value="63.0"/>
  </properties>
  <testcase name="givenUnsortedHandWithFullHouse_whenEvaluate_thenReturnFullHouse" classname="pl.edu.agh.kis.pz1.HandEvaluatorTest" time="0.002"/>
  <testcase name="givenTwoHandsWithFlushLeftHigher_whenCompareHands_thenReturnPositive" classname="pl.edu.agh.kis.pz1.HandEvaluatorTest" time="0.006"/>
  <testcase name="givenUnsortedHandWithStraight_whenEvaluate_thenReturnStraight" classname="pl.edu.agh.kis.pz1.HandEvaluatorTest" time="0.001"/>
  <testcase name="givenHandsWithHighCardAndPair_whenCompareHands_thenReturnNegative" classname="pl.edu.agh.kis.pz1.HandEvaluatorTest" time="0.001"/>
  <testcase name="givenUnsortedHandWithHighCard_whenEvaluate_thenReturnHighCard" classname="pl.edu.agh.kis.pz1.HandEvaluatorTest" time="0.001"/>
  <testcase name="givenHandsWithStraightFlushAndFourOfAKind_whenCompareHands_thenReturnPositive" classname="pl.edu.agh.kis.pz1.HandEvaluatorTest" time="0.003"/>
  <testcase name="givenHandsWithStraightAndFlush_whenCompareHands_thenReturnNegative" classname="pl.edu.agh.kis.pz1.HandEvaluatorTest" time="0.002"/>
  <testcase name="givenUnsortedHandWithFourOfAKind_whenEvaluate_thenReturnFourOfAKind" classname="pl.edu.agh.kis.pz1.HandEvaluatorTest" time="0.001"/>
  <testcase name="givenUnsortedHandWithThreeOfAKind_whenEvaluate_thenReturnThreeOfAKind" classname="pl.edu.agh.kis.pz1.HandEvaluatorTest" time="0.003"/>
  <testcase name="givenHandsWithThreeOfAKindAndStraight_whenCompareHands_thenReturnNegative" classname="pl.edu.agh.kis.pz1.HandEvaluatorTest" time="0.001"/>
  <testcase name="givenTwoHandsWithPairLeftHigher_whenCompareHands_thenReturnPositive" classname="pl.edu.agh.kis.pz1.HandEvaluatorTest" time="0"/>
  <testcase name="givenTwoHandsWithPairIndistinguishable_whenCompareHands_thenReturnZero" classname="pl.edu.agh.kis.pz1.HandEvaluatorTest" time="0"/>
  <testcase name="givenHandsWithPairAndHighCard_whenCompareHands_thenReturnPositive" classname="pl.edu.agh.kis.pz1.HandEvaluatorTest" time="0.001"/>
  <testcase name="givenTwoHandsWithFlushIndistinguishable_whenCompareHands_thenReturnZero" classname="pl.edu.agh.kis.pz1.HandEvaluatorTest" time="0.001"/>
  <testcase name="givenTwoHandsWithHighCardLeftHigher_whenCompareHands_thenReturnPositive" classname="pl.edu.agh.kis.pz1.HandEvaluatorTest" time="0.001"/>
  <testcase name="givenHandsWithFullHouseAndFlush_whenCompareHands_thenReturnPositive" classname="pl.edu.agh.kis.pz1.HandEvaluatorTest" time="0.001"/>
  <testcase name="givenHandsWithTwoPairsAndThreeOfAKind_whenCompareHands_thenReturnNegative" classname="pl.edu.agh.kis.pz1.HandEvaluatorTest" time="0"/>
  <testcase name="givenTwoHandsWithFourOfAKindRightHigher_whenCompareHands_thenReturnNegative" classname="pl.edu.agh.kis.pz1.HandEvaluatorTest" time="0.001"/>
  <testcase name="givenTwoHandsWithPaiOfTheSameValueLeftHigher_whenCompareHands_thenReturnPositive" classname="pl.edu.agh.kis.pz1.HandEvaluatorTest" time="0.001"/>
  <testcase name="givenUnsortedHandWithTwoPair_whenEvaluate_thenReturnTwoPair" classname="pl.edu.agh.kis.pz1.HandEvaluatorTest" time="0.032"/>
  <testcase name="givenHandsWithFlushAndFullHouse_whenCompareHands_thenReturnNegative" classname="pl.edu.agh.kis.pz1.HandEvaluatorTest" time="0.001"/>
  <testcase name="givenSortedHandWithThreeOfAKind_whenEvaluate_thenReturnThreeOfAKind" classname="pl.edu.agh.kis.pz1.HandEvaluatorTest" time="0.001"/>
  <testcase name="givenTwoHandsWithPaiOfTheSameValueLeftHigher_whenCompareHands_thenReturnNegative" classname="pl.edu.agh.kis.pz1.HandEvaluatorTest" time="0.001"/>
  <testcase name="givenTwoHandsWithStraightFlushIndistinguishable_whenCompareHands_thenReturnZero" classname="pl.edu.agh.kis.pz1.HandEvaluatorTest" time="0.003"/>
  <testcase name="givenTwoHandsWithTwoPairsIndistinguishable_whenCompareHands_thenReturnZero" classname="pl.edu.agh.kis.pz1.HandEvaluatorTest" time="0"/>
  <testcase name="givenSortedHandWithHighStraightFlush_whenEvaluate_thenReturnStraightFlush" classname="pl.edu.agh.kis.pz1.HandEvaluatorTest" time="0"/>
  <testcase name="givenUnsortedHandWithLowStraightFlush_whenEvaluate_thenReturnStraightFlush" classname="pl.edu.agh.kis.pz1.HandEvaluatorTest" time="0.002"/>
  <testcase name="givenHandsWithFlushAndStraight_whenCompareHands_thenReturnPositive" classname="pl.edu.agh.kis.pz1.HandEvaluatorTest" time="0.001"/>
  <testcase name="givenSortedHandWithPair_whenEvaluate_thenReturnPair" classname="pl.edu.agh.kis.pz1.HandEvaluatorTest" time="0.001"/>
  <testcase name="givenTwoHandsWithFourOfAKindLeftHigher_whenCompareHands_thenReturnPositive" classname="pl.edu.agh.kis.pz1.HandEvaluatorTest" time="0.001"/>
  <testcase name="givenTwoHandsWithTwoPairsLeftHigher_whenCompareHands_thenReturnPositive" classname="pl.edu.agh.kis.pz1.HandEvaluatorTest" time="0.001"/>
  <testcase name="givenSortedHandWithFullHouse_whenEvaluate_thenReturnFullHouse" classname="pl.edu.agh.kis.pz1.HandEvaluatorTest" time="0.001"/>
  <testcase name="givenTwoHandsWithStraightLeftHigher_whenCompareHands_thenReturnPositive" classname="pl.edu.agh.kis.pz1.HandEvaluatorTest" time="0.001"/>
  <testcase name="givenTwoHandsWithHighCardRightHigher_whenCompareHands_thenReturnNegative" classname="pl.edu.agh.kis.pz1.HandEvaluatorTest" time="0.009"/>
  <testcase name="givenTwoHandsWithTwoPairsOfTheSameValueLeftHigher_whenCompareHands_thenReturnPositive" classname="pl.edu.agh.kis.pz1.HandEvaluatorTest" time="0.001"/>
  <testcase name="givenTwoHandsWithStraightRightHigher_whenCompareHands_thenReturnNegative" classname="pl.edu.agh.kis.pz1.HandEvaluatorTest" time="0"/>
  <testcase name="givenTwoHandsWithTwoPairsOfTheSameValueLeftHigher_whenCompareHands_thenReturnNegative" classname="pl.edu.agh.kis.pz1.HandEvaluatorTest" time="0"/>
  <testcase name="givenHandsWithFourOfAKindAndFullHouse_whenCompareHands_thenReturnPositive" classname="pl.edu.agh.kis.pz1.HandEvaluatorTest" time="0"/>
  <testcase name="givenUnsortedHandWithHighStraightFlush_whenEvaluate_thenReturnStraightFlush" classname="pl.edu.agh.kis.pz1.HandEvaluatorTest" time="0"/>
  <testcase name="givenTwoHandsWithFlushRightHigher_whenCompareHands_thenReturnNegative" classname="pl.edu.agh.kis.pz1.HandEvaluatorTest" time="0.001"/>
  <testcase name="givenTwoHandsWithStraightFlushRightHigher_whenCompareHands_thenReturnNegative" classname="pl.edu.agh.kis.pz1.HandEvaluatorTest" time="0.001"/>
  <testcase name="givenTwoHandsWithHighCardIndistinguishable_whenCompareHands_thenReturnZero" classname="pl.edu.agh.kis.pz1.HandEvaluatorTest" time="0"/>
  <testcase name="givenSortedHandWithFourOfAKind_whenEvaluate_thenReturnFourOfAKind" classname="pl.edu.agh.kis.pz1.HandEvaluatorTest" time="0"/>
  <testcase name="givenHandsWithFullHouseAndFourOfAKind_whenCompareHands_thenReturnNegative" classname="pl.edu.agh.kis.pz1.HandEvaluatorTest" time="0"/>
  <testcase name="givenHandsWithThreeOfAKindAndTwoPairs_whenCompareHands_thenReturnPositive" classname="pl.edu.agh.kis.pz1.HandEvaluatorTest" time="0.001"/>
  <testcase name="givenHandsWithPairAndTwoPairs_whenCompareHands_thenReturnNegative" classname="pl.edu.agh.kis.pz1.HandEvaluatorTest" time="0"/>
  <testcase name="givenTwoHandsWithFullHouseRightHigher_whenCompareHands_thenReturnNegative" classname="pl.edu.agh.kis.pz1.HandEvaluatorTest" time="0.002"/>
  <testcase name="givenTwoHandsWithPairRightHigher_whenCompareHands_thenReturnNegative" classname="pl.edu.agh.kis.pz1.HandEvaluatorTest" time="0.003"/>
  <testcase name="givenSortedHandWithStraight_whenEvaluate_thenReturnStraight" classname="pl.edu.agh.kis.pz1.HandEvaluatorTest" time="0.001"/>
  <testcase name="givenSortedHandWithHighCard_whenEvaluate_thenReturnHighCard" classname="pl.edu.agh.kis.pz1.HandEvaluatorTest" time="0"/>
  <testcase name="givenTwoHandsWithFullHouseLeftHigher_whenCompareHands_thenReturnPositive" classname="pl.edu.agh.kis.pz1.HandEvaluatorTest" time="0.001"/>
  <testcase name="givenTwoHandsWithThreeOfAKindRightHigher_whenCompareHands_thenReturnNegative" classname="pl.edu.agh.kis.pz1.HandEvaluatorTest" time="0.001"/>
  <testcase name="givenUnsortedHandWithPair_whenEvaluate_thenReturnPair" classname="pl.edu.agh.kis.pz1.HandEvaluatorTest" time="0"/>
  <testcase name="givenTwoHandsWithStraightIndistinguishable_whenCompareHands_thenReturnZero" classname="pl.edu.agh.kis.pz1.HandEvaluatorTest" time="0.001"/>
  <testcase name="givenHandsWithStraightAndThreeOfAKind_whenCompareHands_thenReturnPositive" classname="pl.edu.agh.kis.pz1.HandEvaluatorTest" time="0"/>
  <testcase name="givenTwoHandsWithStraightFlushLeftHigher_whenCompareHands_thenReturnPositive" classname="pl.edu.agh.kis.pz1.HandEvaluatorTest" time="0"/>
  <testcase name="givenTwoHandsWithTwoPairsRightHigher_whenCompareHands_thenReturnNegative" classname="pl.edu.agh.kis.pz1.HandEvaluatorTest" time="0"/>
  <testcase name="givenSortedHandWithTwoPair_whenEvaluate_thenReturnTwoPair" classname="pl.edu.agh.kis.pz1.HandEvaluatorTest" time="0"/>
  <testcase name="givenHandsWithFourOfAKindAndStraightFlush_whenCompareHands_thenReturnNegative" classname="pl.edu.agh.kis.pz1.HandEvaluatorTest" time="0"/>
  <testcase name="givenTwoHandsWithThreeOfAKindLeftHigher_whenCompareHands_thenReturnPositive" classname="pl.edu.agh.kis.pz1.HandEvaluatorTest" time="0.002"/>
  <testcase name="givenHandWithFlush_whenEvaluate_thenReturnFlush" classname="pl.edu.agh.kis.pz1.HandEvaluatorTest" time="0"/>
  <testcase name="givenHandsWithTwoPairsAndPair_whenCompareHands_thenReturnPositive" classname="pl.edu.agh.kis.pz1.HandEvaluatorTest" time="0"/>
</testsuite>