<?xml version="1.0" encoding="UTF-8"?>
<testsuite xmlns:xsi="http://www.w3.org/2001/XMLSchema-instance" xsi:noNamespaceSchemaLocation="https://maven.apache.org/surefire/maven-surefire-plugin/xsd/surefire-test-report.xsd" name="pl.edu.agh.kis.pz1.DeckTest" time="0.008" tests="3" errors="0" skipped="0" failures="0">
  <properties>
    <property name="java.specification.version" value="19"/>
    <property name="sun.jnu.encoding" value="UTF-8"/>
    <property name="java.class.path" value="/Users/kacper/Studia/Semestr3/JavaCodes/poker/poker-model/target/test-classes:/Users/kacper/Studia/Semestr3/JavaCodes/poker/poker-model/target/classes:/Users/kacper/.m2/repository/org/junit/jupiter/junit-jupiter/5.9.1/junit-jupiter-5.9.1.jar:/Users/kacper/.m2/repository/org/junit/jupiter/junit-jupiter-api/5.9.1/junit-jupiter-api-5.9.1.jar:/Users/kacper/.m2/repository/org/opentest4j/opentest4j/1.2.0/opentest4j-1.2.0.jar:/Users/kacper/.m2/repository/org/junit/platform/junit-platform-commons/1.9.1/junit-platform-commons-1.9.1.jar:/Users/kacper/.m2/repository/org/apiguardian/apiguardian-api/1.1.2/apiguardian-api-1.1.2.jar:/Users/kacper/.m2/repository/org/junit/jupiter/junit-jupiter-params/5.9.1/junit-jupiter-params-5.9.1.jar:/Users/kacper/.m2/repository/org/junit/jupiter/junit-jupiter-engine/5.9.1/junit-jupiter-engine-5.9.1.jar:/Users/kacper/.m2/repository/org/junit/platform/junit-platform-engine/1.9.1/junit-platform-engine-1.9.1.jar:/Users/kacper/.m2/repository/org/mockito/mockito-core/5.1.1/mockito-core-5.1.1.jar:/Users/kacper/.m2/repository/net/bytebuddy/byte-buddy/1.12.22/byte-buddy-1.12.22.jar:/Users/kacper/.m2/repository/net/bytebuddy/byte-buddy-agent/1.12.22/byte-buddy-agent-1.12.22.jar:/Users/kacper/.m2/repository/org/objenesis/objenesis/3.3/objenesis-3.3.jar:"/>
    <property name="java.vm.vendor" value="Oracle Corporation"/>
    <property name="sun.arch.data.model" value="64"/>
    <property name="java.vendor.url" value="https://java.oracle.com/"/>
    <property name="os.name" value="Mac OS X"/>
    <property name="java.vm.specification.version" value="19"/>
    <property name="sun.java.launcher" value="SUN_STANDARD"/>
    <property name="user.country" value="PL"/>
    <property name="sun.boot.library.path" value="/Users/kacper/Library/Java/JavaVirtualMachines/openjdk-19/Contents/Home/lib"/>
    <property name="sun.java.command" value="/Users/kacper/Studia/Semestr3/JavaCodes/poker/poker-model/target/surefire/surefirebooter15349013742855668411.jar /Users/kacper/Studia/Semestr3/JavaCodes/poker/poker-model/target/surefire 2023-03-05T22-36-58_179-jvmRun1 surefire7437908311136427125tmp surefire_013017175414908429177tmp"/>
    <property name="http.nonProxyHosts" value="local|*.local|169.254/16|*.169.254/16"/>
    <property name="jdk.debug" value="release"/>
    <property name="surefire.test.class.path" value="/Users/kacper/Studia/Semestr3/JavaCodes/poker/poker-model/target/test-classes:/Users/kacper/Studia/Semestr3/JavaCodes/poker/poker-model/target/classes:/Users/kacper/.m2/repository/org/junit/jupiter/junit-jupiter/5.9.1/junit-jupiter-5.9.1.jar:/Users/kacper/.m2/repository/org/junit/jupiter/junit-jupiter-api/5.9.1/junit-jupiter-api-5.9.1.jar:/Users/kacper/.m2/repository/org/opentest4j/opentest4j/1.2.0/opentest4j-1.2.0.jar:/Users/kacper/.m2/repository/org/junit/platform/junit-platform-commons/1.9.1/junit-platform-commons-1.9.1.jar:/Users/kacper/.m2/repository/org/apiguardian/apiguardian-api/1.1.2/apiguardian-api-1.1.2.jar:/Users/kacper/.m2/repository/org/junit/jupiter/junit-jupiter-params/5.9.1/junit-jupiter-params-5.9.1.jar:/Users/kacper/.m2/repository/org/junit/jupiter/junit-jupiter-engine/5.9.1/junit-jupiter-engine-5.9.1.jar:/Users/kacper/.m2/repository/org/junit/platform/junit-platform-engine/1.9.1/junit-platform-engine-1.9.1.jar:/Users/kacper/.m2/repository/org/mockito/mockito-core/5.1.1/mockito-core-5.1.1.jar:/Users/kacper/.m2/repository/net/bytebuddy/byte-buddy/1.12.22/byte-buddy-1.12.22.jar:/Users/kacper/.m2/repository/net/bytebuddy/byte-buddy-agent/1.12.22/byte-buddy-agent-1.12.22.jar:/Users/kacper/.m2/repository/org/objenesis/objenesis/3.3/objenesis-3.3.jar:"/>
    <property name="sun.cpu.endian" value="little"/>
    <property name="user.home" value="/Users/kacper"/>
    <property name="user.language" value="pl"/>
    <property name="java.specification.vendor" value="Oracle Corporation"/>
    <property name="java.version.date" value="2022-09-20"/>
    <property name="java.home" value="/Users/kacper/Library/Java/JavaVirtualMachines/openjdk-19/Contents/Home"/>
    <property name="file.separator" value="/"/>
    <property name="basedir" value="/Users/kacper/Studia/Semestr3/JavaCodes/poker/poker-model"/>
    <property name="java.vm.compressedOopsMode" value="Zero based"/>
    <property name="line.separator" value="&#10;"/>
    <property name="java.vm.specification.vendor" value="Oracle Corporation"/>
    <property name="java.specification.name" value="Java Platform API Specification"/>
    <property name="apple.awt.application.name" value="ForkedBooter"/>
    <property name="surefire.real.class.path" value="/Users/kacper/Studia/Semestr3/JavaCodes/poker/poker-model/target/surefire/surefirebooter15349013742855668411.jar"/>
    <property name="sun.management.compiler" value="HotSpot 64-Bit Tiered Compilers"/>
    <property name="ftp.nonProxyHosts" value="local|*.local|169.254/16|*.169.254/16"/>
    <property name="java.runtime.version" value="19+36-2238"/>
    <property name="user.name" value="kacper"/>
    <property name="stdout.encoding" value="UTF-8"/>
    <property name="path.separator" value=":"/>
    <property name="os.version" value="13.0.1"/>
    <property name="java.runtime.name" value="OpenJDK Runtime Environment"/>
    <property name="file.encoding" value="UTF-8"/>
    <property name="java.vm.name" value="OpenJDK 64-Bit Server VM"/>
    <property name="localRepository" value="/Users/kacper/.m2/repository"/>
    <property name="java.vendor.url.bug" value="https://bugreport.java.com/bugreport/"/>
    <property name="java.io.tmpdir" value="/var/folders/41/r_4632zj0l58fd6hll6v4l_r0000gn/T/"/>
    <property name="java.version" value="19"/>
    <property name="user.dir" value="/Users/kacper/Studia/Semestr3/JavaCodes/poker/poker-model"/>
    <property name="os.arch" value="x86_64"/>
    <property name="java.vm.specification.name" value="Java Virtual Machine Specification"/>
    <property name="native.encoding" value="UTF-8"/>
    <property name="java.library.path" value="/Users/kacper/Library/Java/Extensions:/Library/Java/Extensions:/Network/Library/Java/Extensions:/System/Library/Java/Extensions:/usr/lib/java:."/>
    <property name="java.vm.info" value="mixed mode, sharing"/>
    <property name="stderr.encoding" value="UTF-8"/>
    <property name="java.vendor" value="Oracle Corporation"/>
    <property name="java.vm.version" value="19+36-2238"/>
    <property name="sun.io.unicode.encoding" value="UnicodeBig"/>
    <property name="socksNonProxyHosts" value="local|*.local|169.254/16|*.169.254/16"/>
    <property name="java.class.version" value="63.0"/>
  </properties>
  <testcase name="givenNothing_whenDealCard_thenReturnFirstCardFromDeck" classname="pl.edu.agh.kis.pz1.DeckTest" time="0.005"/>
  <testcase name="givenNothing_whenNewDeck_thenInitializeDeckAttributeWithNewDeck" classname="pl.edu.agh.kis.pz1.DeckTest" time="0.001"/>
  <testcase name="givenNothing_whenDeckIsConstructed_thenInitializeDeckAttributeWithNewDeck" classname="pl.edu.agh.kis.pz1.DeckTest" time="0"/>
</testsuite>